Original Instance: 
Answer: 11861
Used Weight: 986703052
Indices: 89 86 81 70 69 67 56 53 49 48 41 40 28 17 16 14 8 6 5 

Rounded Instance with Eps: 0.5
Theta: 2.4900000000000002
Answer of reduced instance: 4773
Answer of reduced instance multiplied by theta: 11884.770000000000
Indices: 89 86 81 70 69 67 56 53 49 48 41 40 28 17 16 14 8 6 5 
Answer of original instance (rounded up): 11861
Used Weight: 986703052
Ratio: 1.0

Rounded Instance with Eps: 0.2
Theta: 0.9960000000000001
Answer of reduced instance: 11917
Answer of reduced instance multiplied by theta: 11869.332000000002
Indices: 89 86 81 70 69 67 56 53 49 48 41 40 28 17 16 14 8 6 5 
Answer of original instance (rounded up): 11861
Used Weight: 986703052
Ratio: 1.0

Rounded Instance with Eps: 0.1
Theta: 0.4980000000000001
Answer of reduced instance: 23826
Answer of reduced instance multiplied by theta: 11865.348000000002
Indices: 89 86 81 70 69 67 56 53 49 48 41 40 28 17 16 14 8 6 5 
Answer of original instance (rounded up): 11861
Used Weight: 986703052
Ratio: 1.0

Rounded Instance with Eps: 0.05
Theta: 0.2490000000000000
Answer of reduced instance: 47645
Answer of reduced instance multiplied by theta: 11863.605000000001
Indices: 89 86 81 70 69 67 56 53 49 48 41 40 28 17 16 14 8 6 5 
Answer of original instance (rounded up): 11861
Used Weight: 986703052
Ratio: 1.0

