Original Instance: 
Answer: 24160
Used Weight: 986464528
Indices: 97 90 87 85 84 82 81 79 78 75 74 68 66 59 58 56 55 54 49 45 44 42 39 36 33 30 29 26 25 24 21 19 12 11 10 8 5 3 1 

Rounded Instance with Eps: 0.5
Theta: 2.4873737373737375
Answer of reduced instance: 9733
Answer of reduced instance multiplied by theta: 24209.608585858587
Indices: 97 90 87 85 84 82 81 79 78 75 74 68 66 59 58 56 55 54 49 45 44 42 39 36 33 30 29 26 25 24 21 19 12 11 10 8 5 3 1 
Answer of original instance (rounded up): 24160
Used Weight: 986464528
Ratio: 1.0

Rounded Instance with Eps: 0.2
Theta: 0.9949494949494950
Answer of reduced instance: 24305
Answer of reduced instance multiplied by theta: 24182.247474747477
Indices: 97 90 87 85 84 82 81 79 78 75 74 68 66 59 58 56 55 54 49 45 44 42 39 36 33 30 29 26 25 24 21 19 12 11 10 8 5 3 1 
Answer of original instance (rounded up): 24160
Used Weight: 986464528
Ratio: 1.0

Rounded Instance with Eps: 0.1
Theta: 0.4974747474747475
Answer of reduced instance: 48587
Answer of reduced instance multiplied by theta: 24170.805555555558
Indices: 97 90 87 85 84 82 81 79 78 75 74 68 66 59 58 56 55 54 49 45 44 42 39 36 33 30 29 26 25 24 21 19 12 11 10 8 5 3 1 
Answer of original instance (rounded up): 24160
Used Weight: 986464528
Ratio: 1.0

Rounded Instance with Eps: 0.05
Theta: 0.2487373737373738
Answer of reduced instance: 97153
Answer of reduced instance multiplied by theta: 24165.582070707074
Indices: 97 90 87 85 84 82 81 79 78 75 74 68 66 59 58 56 55 54 49 45 44 42 39 36 33 30 29 26 25 24 21 19 12 11 10 8 5 3 1 
Answer of original instance (rounded up): 24160
Used Weight: 986464528
Ratio: 1.0

