Original Instance: 
Answer: 31555
Used Weight: 990884252
Indices: 95 91 90 89 88 85 84 82 81 78 77 76 75 74 71 69 68 66 64 62 61 59 57 55 53 51 50 47 46 45 43 42 41 38 37 36 34 31 30 29 27 23 22 21 20 18 15 13 8 5 4 2 1 

Rounded Instance with Eps: 0.5
Theta: 2.5489690721649483
Answer of reduced instance: 12403
Answer of reduced instance multiplied by theta: 31614.863402061852
Indices: 95 91 90 89 88 85 84 82 81 78 77 76 75 74 71 69 68 66 64 62 61 59 57 55 53 51 50 47 46 45 43 42 41 38 37 36 34 31 30 29 27 23 22 21 20 18 15 13 8 5 4 2 1 
Answer of original instance (rounded up): 31555
Used Weight: 990884252
Ratio: 1.0

Rounded Instance with Eps: 0.2
Theta: 1.0195876288659795
Answer of reduced instance: 30977
Answer of reduced instance multiplied by theta: 31583.765979381449
Indices: 95 91 90 89 88 85 84 82 81 78 77 76 75 74 71 69 68 66 64 62 61 59 57 55 53 51 50 47 46 45 43 42 41 38 37 36 34 31 30 29 27 23 22 21 20 18 15 13 8 5 4 2 1 
Answer of original instance (rounded up): 31555
Used Weight: 990884252
Ratio: 1.0

Rounded Instance with Eps: 0.1
Theta: 0.5097938144329898
Answer of reduced instance: 61923
Answer of reduced instance multiplied by theta: 31567.962371134025
Indices: 95 91 90 89 88 85 84 82 81 78 77 76 75 74 71 69 68 66 64 62 61 59 57 55 53 51 50 47 46 45 43 42 41 38 37 36 34 31 30 29 27 23 22 21 20 18 15 13 8 5 4 2 1 
Answer of original instance (rounded up): 31555
Used Weight: 990884252
Ratio: 1.0

Rounded Instance with Eps: 0.05
Theta: 0.2548969072164949
Answer of reduced instance: 123820
Answer of reduced instance multiplied by theta: 31561.335051546397
Indices: 95 91 90 89 88 85 84 82 81 78 77 76 75 74 71 69 68 66 64 62 61 59 57 55 53 51 50 47 46 45 43 42 41 38 37 36 34 31 30 29 27 23 22 21 20 18 15 13 8 5 4 2 1 
Answer of original instance (rounded up): 31555
Used Weight: 990884252
Ratio: 1.0

