Original Instance: 
Answer: 65419
Used Weight: 990284869
Indices: 100 97 95 93 91 90 89 87 86 85 84 83 82 81 79 78 77 76 75 73 71 70 69 68 67 66 64 62 61 60 57 56 55 54 53 51 50 49 46 45 43 42 41 40 35 34 32 31 30 29 25 23 22 21 20 19 18 17 14 12 11 9 8 3 2 1 

Rounded Instance with Eps: 0.5
Theta: 2.5000000000000000
Answer of reduced instance: 26192
Answer of reduced instance multiplied by theta: 65480.000000000000
Indices: 100 97 95 93 91 90 89 87 86 85 84 83 82 81 79 78 77 76 75 73 71 70 69 68 67 66 64 62 61 60 57 56 55 54 53 51 50 49 46 45 43 42 41 40 35 34 32 31 30 29 25 23 22 21 20 19 18 17 14 12 11 9 8 3 2 1 
Answer of original instance (rounded up): 65419
Used Weight: 990284869
Ratio: 1.0

Rounded Instance with Eps: 0.2
Theta: 1.0000000000000000
Answer of reduced instance: 65423
Answer of reduced instance multiplied by theta: 65423.000000000000
Indices: 100 97 95 93 91 90 89 87 86 85 84 83 82 81 79 78 77 76 75 73 71 70 69 68 67 66 64 62 61 60 57 56 55 54 53 51 50 49 46 45 43 42 41 40 35 34 32 31 30 29 25 23 22 21 20 19 18 17 14 12 11 9 8 3 2 1 
Answer of original instance (rounded up): 65419
Used Weight: 990284869
Ratio: 1.0

Rounded Instance with Eps: 0.1
Theta: 0.5000000000000000
Answer of reduced instance: 130842
Answer of reduced instance multiplied by theta: 65421.000000000000
Indices: 100 97 95 93 91 90 89 87 86 85 84 83 82 81 79 78 77 76 75 73 71 70 69 68 67 66 64 62 61 60 57 56 55 54 53 51 50 49 46 45 43 42 41 40 35 34 32 31 30 29 25 23 22 21 20 19 18 17 14 12 11 9 8 3 2 1 
Answer of original instance (rounded up): 65419
Used Weight: 990284869
Ratio: 1.0

Rounded Instance with Eps: 0.05
Theta: 0.2500000000000000
Answer of reduced instance: 261680
Answer of reduced instance multiplied by theta: 65420.000000000000
Indices: 100 97 95 93 91 90 89 87 86 85 84 83 82 81 79 78 77 76 75 73 71 70 69 68 67 66 64 62 61 60 57 56 55 54 53 51 50 49 46 45 43 42 41 40 35 34 32 31 30 29 25 23 22 21 20 19 18 17 14 12 11 9 8 3 2 1 
Answer of original instance (rounded up): 65419
Used Weight: 990284869
Ratio: 1.0

