Original Instance: 
Answer: 86252
Used Weight: 998882543
Indices: 100 99 98 97 96 95 94 93 92 91 90 89 88 87 86 85 84 83 82 80 79 78 76 75 74 73 72 71 70 69 68 67 66 65 64 63 62 61 60 59 58 57 56 55 54 53 52 51 50 49 46 45 44 43 41 40 39 38 37 36 33 32 31 30 29 28 27 26 25 23 22 21 20 19 18 17 13 12 11 10 9 8 6 4 3 2 1 

Rounded Instance with Eps: 0.5
Theta: 2.5000000000000000
Answer of reduced instance: 34544
Answer of reduced instance multiplied by theta: 86360.000000000000
Indices: 100 99 98 97 96 95 94 93 92 91 90 89 88 87 86 85 84 83 82 80 79 78 76 75 74 73 72 71 70 69 68 67 66 65 64 63 62 61 60 59 58 57 56 55 54 53 52 51 50 49 46 45 44 43 40 39 38 37 36 35 33 32 31 30 29 28 27 26 25 23 22 21 20 19 18 17 13 12 11 10 9 8 6 4 3 2 1 
Answer of original instance (rounded up): 86251
Used Weight: 997630577
Ratio: 1.0000115940684746

Rounded Instance with Eps: 0.2
Theta: 1.0000000000000000
Answer of reduced instance: 86262
Answer of reduced instance multiplied by theta: 86262.000000000000
Indices: 100 99 98 97 96 95 94 93 92 91 90 89 88 87 86 85 84 83 82 80 79 78 76 75 74 73 72 71 70 69 68 67 66 65 64 63 62 61 60 59 58 57 56 55 54 53 52 51 50 49 46 45 44 43 41 40 39 38 37 36 33 32 31 30 29 28 27 26 25 23 22 21 20 19 18 17 13 12 11 10 9 8 6 4 3 2 1 
Answer of original instance (rounded up): 86252
Used Weight: 998882543
Ratio: 1.0

Rounded Instance with Eps: 0.1
Theta: 0.5000000000000000
Answer of reduced instance: 172514
Answer of reduced instance multiplied by theta: 86257.000000000000
Indices: 100 99 98 97 96 95 94 93 92 91 90 89 88 87 86 85 84 83 82 80 79 78 76 75 74 73 72 71 70 69 68 67 66 65 64 63 62 61 60 59 58 57 56 55 54 53 52 51 50 49 46 45 44 43 41 40 39 38 37 36 33 32 31 30 29 28 27 26 25 23 22 21 20 19 18 17 13 12 11 10 9 8 6 4 3 2 1 
Answer of original instance (rounded up): 86252
Used Weight: 998882543
Ratio: 1.0

Rounded Instance with Eps: 0.05
Theta: 0.2500000000000000
Answer of reduced instance: 345018
Answer of reduced instance multiplied by theta: 86254.500000000000
Indices: 100 99 98 97 96 95 94 93 92 91 90 89 88 87 86 85 84 83 82 80 79 78 76 75 74 73 72 71 70 69 68 67 66 65 64 63 62 61 60 59 58 57 56 55 54 53 52 51 50 49 46 45 44 43 41 40 39 38 37 36 33 32 31 30 29 28 27 26 25 23 22 21 20 19 18 17 13 12 11 10 9 8 6 4 3 2 1 
Answer of original instance (rounded up): 86252
Used Weight: 998882543
Ratio: 1.0

