Original Instance: 
Answer: 51263
Used Weight: 976664469
Indices: 99 98 97 96 95 94 93 92 91 90 89 88 87 86 84 83 82 79 78 77 76 75 73 72 71 70 69 67 65 63 62 61 60 59 58 57 56 55 54 53 51 50 49 48 47 46 45 44 43 42 41 40 38 36 35 34 33 32 31 30 29 28 27 26 25 23 22 21 20 18 17 16 15 14 13 12 11 10 9 8 7 6 5 4 3 2 1 

Rounded Instance with Eps: 0.5
Theta: 2.4525000000000001
Answer of reduced instance: 20946
Answer of reduced instance multiplied by theta: 51370.065000000002
Indices: 99 98 97 96 95 94 93 92 91 90 89 88 87 86 84 83 82 79 78 77 76 75 73 72 71 70 69 67 65 63 62 61 60 59 58 57 56 55 54 53 51 50 49 48 47 46 45 44 43 42 41 40 38 36 35 34 33 32 31 30 29 28 27 26 25 23 22 21 20 18 17 16 15 14 13 12 11 10 9 8 7 6 5 4 3 2 1 
Answer of original instance (rounded up): 51263
Used Weight: 976664469
Ratio: 1.0

Rounded Instance with Eps: 0.2
Theta: 0.9810000000000001
Answer of reduced instance: 52299
Answer of reduced instance multiplied by theta: 51305.319000000003
Indices: 99 98 97 96 95 94 93 92 91 90 89 88 87 86 84 83 82 79 78 77 76 75 73 72 71 70 69 67 65 63 62 61 60 59 58 57 56 55 54 53 51 50 49 48 47 46 45 44 43 42 41 40 38 36 35 34 33 32 31 30 29 28 27 26 25 23 22 21 20 18 17 16 15 14 13 12 11 10 9 8 7 6 5 4 3 2 1 
Answer of original instance (rounded up): 51263
Used Weight: 976664469
Ratio: 1.0

Rounded Instance with Eps: 0.1
Theta: 0.4905000000000000
Answer of reduced instance: 104556
Answer of reduced instance multiplied by theta: 51284.718000000008
Indices: 99 98 97 96 95 94 93 92 91 90 89 88 87 86 84 83 82 79 78 77 76 75 73 72 71 70 69 67 65 63 62 61 60 59 58 57 56 55 54 53 51 50 49 48 47 46 45 44 43 42 41 40 38 36 35 34 33 32 31 30 29 28 27 26 25 23 22 21 20 18 17 16 15 14 13 12 11 10 9 8 7 6 5 4 3 2 1 
Answer of original instance (rounded up): 51263
Used Weight: 976664469
Ratio: 1.0

Rounded Instance with Eps: 0.05
Theta: 0.2452500000000000
Answer of reduced instance: 209065
Answer of reduced instance multiplied by theta: 51273.191250000003
Indices: 99 98 97 96 95 94 93 92 91 90 89 88 87 86 84 83 82 79 78 77 76 75 73 72 71 70 69 67 65 63 62 61 60 59 58 57 56 55 54 53 51 50 49 48 47 46 45 44 43 42 41 40 38 36 35 34 33 32 31 30 29 28 27 26 25 23 22 21 20 18 17 16 15 14 13 12 11 10 9 8 7 6 5 4 3 2 1 
Answer of original instance (rounded up): 51263
Used Weight: 976664469
Ratio: 1.0

